<?xml version="1.0" encoding="UTF-8"?>
<!-- Generated by org.testng.reporters.JUnitReportReporter -->
<testsuite hostname="DESKTOP-MRK3TJ5" failures="0" tests="1" name="com.testexecution.SmokeTestWithTestTestNG" time="23.486" errors="0" timestamp="2020-11-25T21:43:51 EST" skipped="0">
  <testcase classname="com.testexecution.SmokeTestWithTestTestNG" name="getTest" time="23.486"/>
  <system-out/>
</testsuite> <!-- com.testexecution.SmokeTestWithTestTestNG -->
